======================================================
Starting Sri Lanka Monthly Climate Analysis Pipeline
Timestamp: 2025-11-20 09:35:07.706526 
======================================================

------------------------------------------------------
Running: R/01_clean_data.R ...
------------------------------------------------------

[SUCCESS] Completed: R/01_clean_data.R 

------------------------------------------------------
Running: R/02_seasonal_stats.R ...
------------------------------------------------------

[SUCCESS] Completed: R/02_seasonal_stats.R 

------------------------------------------------------
Running: R/03_annual_stats.R ...
------------------------------------------------------

[SUCCESS] Completed: R/03_annual_stats.R 

------------------------------------------------------
Running: R/04_trend_analysis.R ...
------------------------------------------------------

[SUCCESS] Completed: R/04_trend_analysis.R 

------------------------------------------------------
Running: R/05_variability.R ...
------------------------------------------------------

[SUCCESS] Completed: R/05_variability.R 

------------------------------------------------------
Running: R/06_anomalies.R ...
------------------------------------------------------

[SUCCESS] Completed: R/06_anomalies.R 

------------------------------------------------------
Running: R/07_correlation.R ...
------------------------------------------------------

[SUCCESS] Completed: R/07_correlation.R 

------------------------------------------------------
Running: R/08_visualizations.R ...
------------------------------------------------------

[SUCCESS] Completed: R/08_visualizations.R 

======================================================
Pipeline Completed Successfully!
Timestamp: 2025-11-20 09:36:18.629897 
======================================================
